2022-07-22 21:44:54,749 - HR - INFO - Flask application created
2022-07-22 21:44:54,755 - HR - INFO - Firebase credintials initialized
2022-07-22 21:44:54,755 - HR - INFO - Firebase app initialized
2022-07-22 21:44:54,755 - HR - INFO - Firestore database connected
2022-07-22 21:44:54,777 - HR - INFO - Organization API registered
2022-07-22 21:44:54,778 - HR - INFO - Employee API registered
2022-07-22 21:44:54,779 - HR - INFO - Employee Attendance API registered
2022-07-22 21:44:54,781 - HR - INFO - Team API registered
2022-07-22 21:44:54,782 - HR - INFO - Authentication API registered
2022-07-22 21:45:12,591 - models.Authentication - INFO - Checking the token for the request /organization/info
2022-07-22 21:45:12,591 - models.Authentication - INFO - Try to decode the token
2022-07-22 21:45:12,591 - models.Authentication - INFO - Token is valid
2022-07-22 21:45:12,591 - apis.organization - INFO - GET /organization/info
2022-07-22 21:45:12,591 - models.Organization - INFO - checking if organization string exists
2022-07-22 21:45:13,252 - models.Organization - INFO - getting organization string information
2022-07-22 21:45:13,382 - models.Organization - INFO - organization string information retrieved successfully
2022-07-22 21:45:13,382 - apis.organization - INFO - Request completed successfully returning HTTP status code:200
2022-07-25 10:05:36,754 - HR - INFO - Flask application created
2022-07-25 10:05:36,807 - HR - INFO - Firebase credintials initialized
2022-07-25 10:05:36,807 - HR - INFO - Firebase app initialized
2022-07-25 10:05:36,808 - HR - INFO - Firestore database connected
2022-07-25 10:05:36,868 - HR - INFO - Organization API registered
2022-07-25 10:05:36,868 - HR - INFO - Employee API registered
2022-07-25 10:05:36,868 - HR - INFO - Employee Attendance API registered
2022-07-25 10:05:36,884 - HR - INFO - Team API registered
2022-07-25 10:05:36,884 - HR - INFO - Authentication API registered
2022-07-25 10:05:38,189 - HR - INFO - Flask application created
2022-07-25 10:05:38,252 - HR - INFO - Firebase credintials initialized
2022-07-25 10:05:38,252 - HR - INFO - Firebase app initialized
2022-07-25 10:05:38,252 - HR - INFO - Firestore database connected
2022-07-25 10:05:38,298 - HR - INFO - Organization API registered
2022-07-25 10:05:38,299 - HR - INFO - Employee API registered
2022-07-25 10:05:38,301 - HR - INFO - Employee Attendance API registered
2022-07-25 10:05:38,307 - HR - INFO - Team API registered
2022-07-25 10:05:38,309 - HR - INFO - Authentication API registered
2022-07-31 11:22:46,769 - HR - INFO - Flask application created
2022-07-31 11:22:46,831 - HR - INFO - Firebase credintials initialized
2022-07-31 11:22:46,831 - HR - INFO - Firebase app initialized
2022-07-31 11:22:46,831 - HR - INFO - Firestore database connected
2022-07-31 11:24:33,953 - HR - INFO - Flask application created
2022-07-31 11:24:34,000 - HR - INFO - Firebase credintials initialized
2022-07-31 11:24:34,000 - HR - INFO - Firebase app initialized
2022-07-31 11:24:34,000 - HR - INFO - Firestore database connected
2022-07-31 11:24:34,047 - HR - INFO - Organization API registered
2022-07-31 11:24:34,047 - HR - INFO - Employee API registered
2022-07-31 11:24:34,047 - HR - INFO - Employee Attendance API registered
2022-07-31 11:24:34,047 - HR - INFO - Team API registered
2022-07-31 11:24:34,047 - HR - INFO - Authentication API registered
2022-07-31 11:24:34,047 - HR - INFO - Bot API registered
2022-07-31 11:24:35,253 - HR - INFO - Flask application created
2022-07-31 11:24:35,300 - HR - INFO - Firebase credintials initialized
2022-07-31 11:24:35,300 - HR - INFO - Firebase app initialized
2022-07-31 11:24:35,300 - HR - INFO - Firestore database connected
2022-07-31 11:24:35,331 - HR - INFO - Organization API registered
2022-07-31 11:24:35,331 - HR - INFO - Employee API registered
2022-07-31 11:24:35,331 - HR - INFO - Employee Attendance API registered
2022-07-31 11:24:35,331 - HR - INFO - Team API registered
2022-07-31 11:24:35,331 - HR - INFO - Authentication API registered
2022-07-31 11:24:35,331 - HR - INFO - Bot API registered
2022-07-31 11:29:33,406 - HR - INFO - Flask application created
2022-07-31 11:29:33,454 - HR - INFO - Firebase credintials initialized
2022-07-31 11:29:33,454 - HR - INFO - Firebase app initialized
2022-07-31 11:29:33,454 - HR - INFO - Firestore database connected
2022-07-31 11:29:33,501 - HR - INFO - Organization API registered
2022-07-31 11:29:33,501 - HR - INFO - Employee API registered
2022-07-31 11:29:33,501 - HR - INFO - Employee Attendance API registered
2022-07-31 11:29:33,501 - HR - INFO - Team API registered
2022-07-31 11:29:33,501 - HR - INFO - Authentication API registered
2022-07-31 11:29:33,501 - HR - INFO - Bot API registered
2022-07-31 11:29:34,909 - HR - INFO - Flask application created
2022-07-31 11:29:34,967 - HR - INFO - Firebase credintials initialized
2022-07-31 11:29:34,967 - HR - INFO - Firebase app initialized
2022-07-31 11:29:34,967 - HR - INFO - Firestore database connected
2022-07-31 11:29:35,010 - HR - INFO - Organization API registered
2022-07-31 11:29:35,011 - HR - INFO - Employee API registered
2022-07-31 11:29:35,012 - HR - INFO - Employee Attendance API registered
2022-07-31 11:29:35,014 - HR - INFO - Team API registered
2022-07-31 11:29:35,016 - HR - INFO - Authentication API registered
2022-07-31 11:29:35,016 - HR - INFO - Bot API registered
2022-07-31 11:38:47,145 - HR - INFO - Flask application created
2022-07-31 11:38:47,195 - HR - INFO - Firebase credintials initialized
2022-07-31 11:38:47,195 - HR - INFO - Firebase app initialized
2022-07-31 11:38:47,195 - HR - INFO - Firestore database connected
2022-07-31 11:38:47,249 - HR - INFO - Organization API registered
2022-07-31 11:38:47,250 - HR - INFO - Employee API registered
2022-07-31 11:38:47,251 - HR - INFO - Employee Attendance API registered
2022-07-31 11:38:47,253 - HR - INFO - Team API registered
2022-07-31 11:38:47,255 - HR - INFO - Authentication API registered
2022-07-31 11:38:47,255 - HR - INFO - Bot API registered
2022-07-31 11:38:52,977 - HR - INFO - Flask application created
2022-07-31 11:38:53,026 - HR - INFO - Firebase credintials initialized
2022-07-31 11:38:53,026 - HR - INFO - Firebase app initialized
2022-07-31 11:38:53,026 - HR - INFO - Firestore database connected
2022-07-31 11:39:37,411 - HR - INFO - Flask application created
2022-07-31 11:39:37,467 - HR - INFO - Firebase credintials initialized
2022-07-31 11:39:37,467 - HR - INFO - Firebase app initialized
2022-07-31 11:39:37,467 - HR - INFO - Firestore database connected
2022-07-31 11:39:37,507 - HR - INFO - Organization API registered
2022-07-31 11:39:37,509 - HR - INFO - Employee API registered
2022-07-31 11:39:37,511 - HR - INFO - Employee Attendance API registered
2022-07-31 11:39:37,513 - HR - INFO - Team API registered
2022-07-31 11:39:37,514 - HR - INFO - Authentication API registered
2022-07-31 11:39:37,515 - HR - INFO - Bot API registered
2022-07-31 11:39:38,837 - HR - INFO - Flask application created
2022-07-31 11:39:38,915 - HR - INFO - Firebase credintials initialized
2022-07-31 11:39:38,915 - HR - INFO - Firebase app initialized
2022-07-31 11:39:38,916 - HR - INFO - Firestore database connected
2022-07-31 11:39:38,966 - HR - INFO - Organization API registered
2022-07-31 11:39:38,968 - HR - INFO - Employee API registered
2022-07-31 11:39:38,969 - HR - INFO - Employee Attendance API registered
2022-07-31 11:39:38,971 - HR - INFO - Team API registered
2022-07-31 11:39:38,972 - HR - INFO - Authentication API registered
2022-07-31 11:39:38,972 - HR - INFO - Bot API registered
2022-07-31 11:39:44,561 - HR - INFO - Flask application created
2022-07-31 11:39:44,608 - HR - INFO - Firebase credintials initialized
2022-07-31 11:39:44,608 - HR - INFO - Firebase app initialized
2022-07-31 11:39:44,608 - HR - INFO - Firestore database connected
2022-07-31 11:39:44,655 - HR - INFO - Organization API registered
2022-07-31 11:39:44,655 - HR - INFO - Employee API registered
2022-07-31 11:39:44,655 - HR - INFO - Employee Attendance API registered
2022-07-31 11:39:44,655 - HR - INFO - Team API registered
2022-07-31 11:39:44,655 - HR - INFO - Authentication API registered
2022-07-31 11:39:44,655 - HR - INFO - Bot API registered
2022-07-31 11:39:52,266 - HR - INFO - Flask application created
2022-07-31 11:39:52,313 - HR - INFO - Firebase credintials initialized
2022-07-31 11:39:52,313 - HR - INFO - Firebase app initialized
2022-07-31 11:39:52,313 - HR - INFO - Firestore database connected
2022-07-31 11:39:52,344 - HR - INFO - Organization API registered
2022-07-31 11:39:52,344 - HR - INFO - Employee API registered
2022-07-31 11:39:52,360 - HR - INFO - Employee Attendance API registered
2022-07-31 11:39:52,361 - HR - INFO - Team API registered
2022-07-31 11:39:52,361 - HR - INFO - Authentication API registered
2022-07-31 11:39:52,361 - HR - INFO - Bot API registered
2022-07-31 11:40:00,044 - HR - INFO - Flask application created
2022-07-31 11:40:00,099 - HR - INFO - Firebase credintials initialized
2022-07-31 11:40:00,099 - HR - INFO - Firebase app initialized
2022-07-31 11:40:00,099 - HR - INFO - Firestore database connected
2022-07-31 11:40:00,147 - HR - INFO - Organization API registered
2022-07-31 11:40:00,148 - HR - INFO - Employee API registered
2022-07-31 11:40:00,149 - HR - INFO - Employee Attendance API registered
2022-07-31 11:40:00,151 - HR - INFO - Team API registered
2022-07-31 11:40:00,153 - HR - INFO - Authentication API registered
2022-07-31 11:40:00,153 - HR - INFO - Bot API registered
2022-07-31 11:40:02,510 - HR - INFO - Flask application created
2022-07-31 11:40:02,557 - HR - INFO - Firebase credintials initialized
2022-07-31 11:40:02,557 - HR - INFO - Firebase app initialized
2022-07-31 11:40:02,557 - HR - INFO - Firestore database connected
2022-07-31 11:40:02,610 - HR - INFO - Organization API registered
2022-07-31 11:40:02,612 - HR - INFO - Employee API registered
2022-07-31 11:40:02,613 - HR - INFO - Employee Attendance API registered
2022-07-31 11:40:02,615 - HR - INFO - Team API registered
2022-07-31 11:40:02,617 - HR - INFO - Authentication API registered
2022-07-31 11:40:02,617 - HR - INFO - Bot API registered
2022-07-31 11:40:07,157 - HR - INFO - Flask application created
2022-07-31 11:40:07,204 - HR - INFO - Firebase credintials initialized
2022-07-31 11:40:07,214 - HR - INFO - Firebase app initialized
2022-07-31 11:40:07,214 - HR - INFO - Firestore database connected
2022-07-31 11:40:07,245 - HR - INFO - Organization API registered
2022-07-31 11:40:07,245 - HR - INFO - Employee API registered
2022-07-31 11:40:07,245 - HR - INFO - Employee Attendance API registered
2022-07-31 11:40:07,245 - HR - INFO - Team API registered
2022-07-31 11:40:07,245 - HR - INFO - Authentication API registered
2022-07-31 11:40:07,245 - HR - INFO - Bot API registered
2022-07-31 11:40:10,114 - HR - INFO - Flask application created
2022-07-31 11:40:10,169 - HR - INFO - Firebase credintials initialized
2022-07-31 11:40:10,170 - HR - INFO - Firebase app initialized
2022-07-31 11:40:10,170 - HR - INFO - Firestore database connected
2022-07-31 11:40:10,210 - HR - INFO - Organization API registered
2022-07-31 11:40:10,211 - HR - INFO - Employee API registered
2022-07-31 11:40:10,212 - HR - INFO - Employee Attendance API registered
2022-07-31 11:40:10,214 - HR - INFO - Team API registered
2022-07-31 11:40:10,216 - HR - INFO - Authentication API registered
2022-07-31 11:40:10,216 - HR - INFO - Bot API registered
2022-07-31 11:40:12,861 - HR - INFO - Flask application created
2022-07-31 11:40:12,924 - HR - INFO - Firebase credintials initialized
2022-07-31 11:40:12,924 - HR - INFO - Firebase app initialized
2022-07-31 11:40:12,924 - HR - INFO - Firestore database connected
2022-07-31 11:40:12,956 - HR - INFO - Organization API registered
2022-07-31 11:40:12,956 - HR - INFO - Employee API registered
2022-07-31 11:40:12,956 - HR - INFO - Employee Attendance API registered
2022-07-31 11:40:12,956 - HR - INFO - Team API registered
2022-07-31 11:40:12,956 - HR - INFO - Authentication API registered
2022-07-31 11:40:12,956 - HR - INFO - Bot API registered
2022-07-31 11:40:15,634 - HR - INFO - Flask application created
2022-07-31 11:40:15,682 - HR - INFO - Firebase credintials initialized
2022-07-31 11:40:15,682 - HR - INFO - Firebase app initialized
2022-07-31 11:40:15,682 - HR - INFO - Firestore database connected
2022-07-31 11:40:15,735 - HR - INFO - Organization API registered
2022-07-31 11:40:15,736 - HR - INFO - Employee API registered
2022-07-31 11:40:15,737 - HR - INFO - Employee Attendance API registered
2022-07-31 11:40:15,737 - HR - INFO - Team API registered
2022-07-31 11:40:15,737 - HR - INFO - Authentication API registered
2022-07-31 11:40:15,737 - HR - INFO - Bot API registered
2022-07-31 11:40:23,271 - HR - INFO - Flask application created
2022-07-31 11:40:23,326 - HR - INFO - Firebase credintials initialized
2022-07-31 11:40:23,326 - HR - INFO - Firebase app initialized
2022-07-31 11:40:23,326 - HR - INFO - Firestore database connected
2022-07-31 11:40:23,368 - HR - INFO - Organization API registered
2022-07-31 11:40:23,370 - HR - INFO - Employee API registered
2022-07-31 11:40:23,371 - HR - INFO - Employee Attendance API registered
2022-07-31 11:40:23,373 - HR - INFO - Team API registered
2022-07-31 11:40:23,375 - HR - INFO - Authentication API registered
2022-07-31 11:40:23,375 - HR - INFO - Bot API registered
2022-07-31 11:42:48,080 - HR - INFO - Flask application created
2022-07-31 11:42:48,138 - HR - INFO - Firebase credintials initialized
2022-07-31 11:42:48,138 - HR - INFO - Firebase app initialized
2022-07-31 11:42:48,138 - HR - INFO - Firestore database connected
2022-07-31 11:42:48,180 - HR - INFO - Organization API registered
2022-07-31 11:42:48,182 - HR - INFO - Employee API registered
2022-07-31 11:42:48,183 - HR - INFO - Employee Attendance API registered
2022-07-31 11:42:48,186 - HR - INFO - Team API registered
2022-07-31 11:42:48,188 - HR - INFO - Authentication API registered
2022-07-31 11:42:48,188 - HR - INFO - Bot API registered
2022-07-31 11:42:54,791 - HR - INFO - Flask application created
2022-07-31 11:42:54,848 - HR - INFO - Firebase credintials initialized
2022-07-31 11:42:54,848 - HR - INFO - Firebase app initialized
2022-07-31 11:42:54,848 - HR - INFO - Firestore database connected
2022-07-31 11:42:54,893 - HR - INFO - Organization API registered
2022-07-31 11:42:54,894 - HR - INFO - Employee API registered
2022-07-31 11:42:54,895 - HR - INFO - Employee Attendance API registered
2022-07-31 11:42:54,898 - HR - INFO - Team API registered
2022-07-31 11:42:54,900 - HR - INFO - Authentication API registered
2022-07-31 11:42:54,900 - HR - INFO - Bot API registered
2022-07-31 11:43:07,423 - HR - INFO - Flask application created
2022-07-31 11:43:07,477 - HR - INFO - Firebase credintials initialized
2022-07-31 11:43:07,477 - HR - INFO - Firebase app initialized
2022-07-31 11:43:07,477 - HR - INFO - Firestore database connected
2022-07-31 11:43:07,520 - HR - INFO - Organization API registered
2022-07-31 11:43:07,522 - HR - INFO - Employee API registered
2022-07-31 11:43:07,523 - HR - INFO - Employee Attendance API registered
2022-07-31 11:43:07,525 - HR - INFO - Team API registered
2022-07-31 11:43:07,526 - HR - INFO - Authentication API registered
2022-07-31 11:43:07,527 - HR - INFO - Bot API registered
2022-07-31 11:43:11,049 - HR - INFO - Flask application created
2022-07-31 11:43:11,101 - HR - INFO - Firebase credintials initialized
2022-07-31 11:43:11,101 - HR - INFO - Firebase app initialized
2022-07-31 11:43:11,101 - HR - INFO - Firestore database connected
2022-07-31 11:43:11,138 - HR - INFO - Organization API registered
2022-07-31 11:43:11,139 - HR - INFO - Employee API registered
2022-07-31 11:43:11,140 - HR - INFO - Employee Attendance API registered
2022-07-31 11:43:11,143 - HR - INFO - Team API registered
2022-07-31 11:43:11,144 - HR - INFO - Authentication API registered
2022-07-31 11:43:11,145 - HR - INFO - Bot API registered
2022-07-31 11:43:26,861 - HR - INFO - Flask application created
2022-07-31 11:43:26,917 - HR - INFO - Firebase credintials initialized
2022-07-31 11:43:26,917 - HR - INFO - Firebase app initialized
2022-07-31 11:43:26,917 - HR - INFO - Firestore database connected
2022-07-31 11:43:26,973 - HR - INFO - Organization API registered
2022-07-31 11:43:26,975 - HR - INFO - Employee API registered
2022-07-31 11:43:26,976 - HR - INFO - Employee Attendance API registered
2022-07-31 11:43:26,979 - HR - INFO - Team API registered
2022-07-31 11:43:26,983 - HR - INFO - Authentication API registered
2022-07-31 11:43:26,983 - HR - INFO - Bot API registered
2022-07-31 11:43:32,810 - HR - INFO - Flask application created
2022-07-31 11:43:32,866 - HR - INFO - Firebase credintials initialized
2022-07-31 11:43:32,866 - HR - INFO - Firebase app initialized
2022-07-31 11:43:32,866 - HR - INFO - Firestore database connected
2022-07-31 11:43:32,911 - HR - INFO - Organization API registered
2022-07-31 11:43:32,913 - HR - INFO - Employee API registered
2022-07-31 11:43:32,914 - HR - INFO - Employee Attendance API registered
2022-07-31 11:43:32,916 - HR - INFO - Team API registered
2022-07-31 11:43:32,917 - HR - INFO - Authentication API registered
2022-07-31 11:43:32,918 - HR - INFO - Bot API registered
2022-07-31 11:43:38,715 - HR - INFO - Flask application created
2022-07-31 11:43:38,774 - HR - INFO - Firebase credintials initialized
2022-07-31 11:43:38,774 - HR - INFO - Firebase app initialized
2022-07-31 11:43:38,775 - HR - INFO - Firestore database connected
2022-07-31 11:43:38,820 - HR - INFO - Organization API registered
2022-07-31 11:43:38,822 - HR - INFO - Employee API registered
2022-07-31 11:43:38,823 - HR - INFO - Employee Attendance API registered
2022-07-31 11:43:38,826 - HR - INFO - Team API registered
2022-07-31 11:43:38,827 - HR - INFO - Authentication API registered
2022-07-31 11:43:38,828 - HR - INFO - Bot API registered
2022-07-31 11:43:54,635 - HR - INFO - Flask application created
2022-07-31 11:43:54,690 - HR - INFO - Firebase credintials initialized
2022-07-31 11:43:54,690 - HR - INFO - Firebase app initialized
2022-07-31 11:43:54,690 - HR - INFO - Firestore database connected
2022-07-31 11:43:54,734 - HR - INFO - Organization API registered
2022-07-31 11:43:54,736 - HR - INFO - Employee API registered
2022-07-31 11:43:54,737 - HR - INFO - Employee Attendance API registered
2022-07-31 11:43:54,741 - HR - INFO - Team API registered
2022-07-31 11:43:54,746 - HR - INFO - Authentication API registered
2022-07-31 11:43:54,747 - HR - INFO - Bot API registered
2022-07-31 11:43:59,337 - HR - INFO - Flask application created
2022-07-31 11:43:59,389 - HR - INFO - Firebase credintials initialized
2022-07-31 11:43:59,389 - HR - INFO - Firebase app initialized
2022-07-31 11:43:59,389 - HR - INFO - Firestore database connected
2022-07-31 11:43:59,426 - HR - INFO - Organization API registered
2022-07-31 11:43:59,428 - HR - INFO - Employee API registered
2022-07-31 11:43:59,429 - HR - INFO - Employee Attendance API registered
2022-07-31 11:43:59,431 - HR - INFO - Team API registered
2022-07-31 11:43:59,432 - HR - INFO - Authentication API registered
2022-07-31 11:43:59,433 - HR - INFO - Bot API registered
2022-07-31 11:44:16,599 - HR - INFO - Flask application created
2022-07-31 11:44:16,653 - HR - INFO - Firebase credintials initialized
2022-07-31 11:44:16,653 - HR - INFO - Firebase app initialized
2022-07-31 11:44:16,653 - HR - INFO - Firestore database connected
2022-07-31 11:44:16,704 - HR - INFO - Organization API registered
2022-07-31 11:44:16,706 - HR - INFO - Employee API registered
2022-07-31 11:44:16,707 - HR - INFO - Employee Attendance API registered
2022-07-31 11:44:16,712 - HR - INFO - Team API registered
2022-07-31 11:44:16,713 - HR - INFO - Authentication API registered
2022-07-31 11:44:16,714 - HR - INFO - Bot API registered
2022-07-31 11:44:30,355 - HR - INFO - Flask application created
2022-07-31 11:44:30,407 - HR - INFO - Firebase credintials initialized
2022-07-31 11:44:30,407 - HR - INFO - Firebase app initialized
2022-07-31 11:44:30,407 - HR - INFO - Firestore database connected
2022-07-31 11:44:30,446 - HR - INFO - Organization API registered
2022-07-31 11:44:30,448 - HR - INFO - Employee API registered
2022-07-31 11:44:30,449 - HR - INFO - Employee Attendance API registered
2022-07-31 11:44:30,451 - HR - INFO - Team API registered
2022-07-31 11:44:30,452 - HR - INFO - Authentication API registered
2022-07-31 11:44:30,453 - HR - INFO - Bot API registered
2022-07-31 11:44:40,131 - HR - INFO - Flask application created
2022-07-31 11:44:40,183 - HR - INFO - Firebase credintials initialized
2022-07-31 11:44:40,183 - HR - INFO - Firebase app initialized
2022-07-31 11:44:40,183 - HR - INFO - Firestore database connected
2022-07-31 11:44:40,230 - HR - INFO - Organization API registered
2022-07-31 11:44:40,231 - HR - INFO - Employee API registered
2022-07-31 11:44:40,232 - HR - INFO - Employee Attendance API registered
2022-07-31 11:44:40,234 - HR - INFO - Team API registered
2022-07-31 11:44:40,236 - HR - INFO - Authentication API registered
2022-07-31 11:44:40,236 - HR - INFO - Bot API registered
2022-07-31 11:44:43,855 - HR - INFO - Flask application created
2022-07-31 11:44:43,910 - HR - INFO - Firebase credintials initialized
2022-07-31 11:44:43,910 - HR - INFO - Firebase app initialized
2022-07-31 11:44:43,910 - HR - INFO - Firestore database connected
2022-07-31 11:44:43,951 - HR - INFO - Organization API registered
2022-07-31 11:44:43,952 - HR - INFO - Employee API registered
2022-07-31 11:44:43,954 - HR - INFO - Employee Attendance API registered
2022-07-31 11:44:43,957 - HR - INFO - Team API registered
2022-07-31 11:44:43,958 - HR - INFO - Authentication API registered
2022-07-31 11:44:43,959 - HR - INFO - Bot API registered
2022-07-31 11:44:47,641 - HR - INFO - Flask application created
2022-07-31 11:44:47,703 - HR - INFO - Firebase credintials initialized
2022-07-31 11:44:47,703 - HR - INFO - Firebase app initialized
2022-07-31 11:44:47,703 - HR - INFO - Firestore database connected
2022-07-31 11:44:47,748 - HR - INFO - Organization API registered
2022-07-31 11:44:47,750 - HR - INFO - Employee API registered
2022-07-31 11:44:47,753 - HR - INFO - Employee Attendance API registered
2022-07-31 11:44:47,756 - HR - INFO - Team API registered
2022-07-31 11:44:47,758 - HR - INFO - Authentication API registered
2022-07-31 11:44:47,759 - HR - INFO - Bot API registered
2022-07-31 11:44:52,332 - HR - INFO - Flask application created
2022-07-31 11:44:52,389 - HR - INFO - Firebase credintials initialized
2022-07-31 11:44:52,389 - HR - INFO - Firebase app initialized
2022-07-31 11:44:52,389 - HR - INFO - Firestore database connected
2022-07-31 11:44:52,439 - HR - INFO - Organization API registered
2022-07-31 11:44:52,441 - HR - INFO - Employee API registered
2022-07-31 11:44:52,442 - HR - INFO - Employee Attendance API registered
2022-07-31 11:44:52,445 - HR - INFO - Team API registered
2022-07-31 11:44:52,447 - HR - INFO - Authentication API registered
2022-07-31 11:44:52,447 - HR - INFO - Bot API registered
2022-07-31 11:44:55,868 - HR - INFO - Flask application created
2022-07-31 11:44:55,972 - HR - INFO - Firebase credintials initialized
2022-07-31 11:44:55,972 - HR - INFO - Firebase app initialized
2022-07-31 11:44:55,973 - HR - INFO - Firestore database connected
2022-07-31 11:44:56,028 - HR - INFO - Organization API registered
2022-07-31 11:44:56,030 - HR - INFO - Employee API registered
2022-07-31 11:44:56,031 - HR - INFO - Employee Attendance API registered
2022-07-31 11:44:56,035 - HR - INFO - Team API registered
2022-07-31 11:44:56,036 - HR - INFO - Authentication API registered
2022-07-31 11:44:56,037 - HR - INFO - Bot API registered
2022-07-31 11:45:19,883 - HR - INFO - Flask application created
2022-07-31 11:45:19,937 - HR - INFO - Firebase credintials initialized
2022-07-31 11:45:19,938 - HR - INFO - Firebase app initialized
2022-07-31 11:45:19,938 - HR - INFO - Firestore database connected
2022-07-31 11:45:19,973 - HR - INFO - Organization API registered
2022-07-31 11:45:19,975 - HR - INFO - Employee API registered
2022-07-31 11:45:19,976 - HR - INFO - Employee Attendance API registered
2022-07-31 11:45:19,978 - HR - INFO - Team API registered
2022-07-31 11:45:19,980 - HR - INFO - Authentication API registered
2022-07-31 11:45:19,980 - HR - INFO - Bot API registered
2022-07-31 11:45:26,792 - HR - INFO - Flask application created
2022-07-31 11:45:26,845 - HR - INFO - Firebase credintials initialized
2022-07-31 11:45:26,845 - HR - INFO - Firebase app initialized
2022-07-31 11:45:26,845 - HR - INFO - Firestore database connected
2022-07-31 11:45:26,891 - HR - INFO - Organization API registered
2022-07-31 11:45:26,893 - HR - INFO - Employee API registered
2022-07-31 11:45:26,894 - HR - INFO - Employee Attendance API registered
2022-07-31 11:45:26,896 - HR - INFO - Team API registered
2022-07-31 11:45:26,897 - HR - INFO - Authentication API registered
2022-07-31 11:45:26,898 - HR - INFO - Bot API registered
2022-07-31 11:45:31,366 - HR - INFO - Flask application created
2022-07-31 11:45:31,417 - HR - INFO - Firebase credintials initialized
2022-07-31 11:45:31,417 - HR - INFO - Firebase app initialized
2022-07-31 11:45:31,417 - HR - INFO - Firestore database connected
2022-07-31 11:45:31,453 - HR - INFO - Organization API registered
2022-07-31 11:45:31,454 - HR - INFO - Employee API registered
2022-07-31 11:45:31,455 - HR - INFO - Employee Attendance API registered
2022-07-31 11:45:31,458 - HR - INFO - Team API registered
2022-07-31 11:45:31,459 - HR - INFO - Authentication API registered
2022-07-31 11:45:31,460 - HR - INFO - Bot API registered
2022-07-31 11:45:38,233 - HR - INFO - Flask application created
2022-07-31 11:45:38,291 - HR - INFO - Firebase credintials initialized
2022-07-31 11:45:38,291 - HR - INFO - Firebase app initialized
2022-07-31 11:45:38,291 - HR - INFO - Firestore database connected
2022-07-31 11:45:38,347 - HR - INFO - Organization API registered
2022-07-31 11:45:38,351 - HR - INFO - Employee API registered
2022-07-31 11:45:38,353 - HR - INFO - Employee Attendance API registered
2022-07-31 11:45:38,356 - HR - INFO - Team API registered
2022-07-31 11:45:38,357 - HR - INFO - Authentication API registered
2022-07-31 11:45:38,358 - HR - INFO - Bot API registered
2022-07-31 11:45:44,210 - HR - INFO - Flask application created
2022-07-31 11:45:44,267 - HR - INFO - Firebase credintials initialized
2022-07-31 11:45:44,268 - HR - INFO - Firebase app initialized
2022-07-31 11:45:44,268 - HR - INFO - Firestore database connected
2022-07-31 11:45:44,306 - HR - INFO - Organization API registered
2022-07-31 11:45:44,308 - HR - INFO - Employee API registered
2022-07-31 11:45:44,309 - HR - INFO - Employee Attendance API registered
2022-07-31 11:45:44,312 - HR - INFO - Team API registered
2022-07-31 11:45:44,313 - HR - INFO - Authentication API registered
2022-07-31 11:45:44,314 - HR - INFO - Bot API registered
2022-07-31 11:45:46,976 - HR - INFO - Flask application created
2022-07-31 11:45:47,043 - HR - INFO - Firebase credintials initialized
2022-07-31 11:45:47,043 - HR - INFO - Firebase app initialized
2022-07-31 11:45:47,044 - HR - INFO - Firestore database connected
2022-07-31 11:45:47,087 - HR - INFO - Organization API registered
2022-07-31 11:45:47,089 - HR - INFO - Employee API registered
2022-07-31 11:45:47,090 - HR - INFO - Employee Attendance API registered
2022-07-31 11:45:47,092 - HR - INFO - Team API registered
2022-07-31 11:45:47,094 - HR - INFO - Authentication API registered
2022-07-31 11:45:47,094 - HR - INFO - Bot API registered
2022-07-31 11:45:50,618 - HR - INFO - Flask application created
2022-07-31 11:45:50,672 - HR - INFO - Firebase credintials initialized
2022-07-31 11:45:50,672 - HR - INFO - Firebase app initialized
2022-07-31 11:45:50,672 - HR - INFO - Firestore database connected
2022-07-31 11:45:50,713 - HR - INFO - Organization API registered
2022-07-31 11:45:50,715 - HR - INFO - Employee API registered
2022-07-31 11:45:50,716 - HR - INFO - Employee Attendance API registered
2022-07-31 11:45:50,719 - HR - INFO - Team API registered
2022-07-31 11:45:50,721 - HR - INFO - Authentication API registered
2022-07-31 11:45:50,722 - HR - INFO - Bot API registered
2022-07-31 11:45:55,376 - HR - INFO - Flask application created
2022-07-31 11:45:55,428 - HR - INFO - Firebase credintials initialized
2022-07-31 11:45:55,428 - HR - INFO - Firebase app initialized
2022-07-31 11:45:55,428 - HR - INFO - Firestore database connected
2022-07-31 11:45:55,467 - HR - INFO - Organization API registered
2022-07-31 11:45:55,468 - HR - INFO - Employee API registered
2022-07-31 11:45:55,469 - HR - INFO - Employee Attendance API registered
2022-07-31 11:45:55,472 - HR - INFO - Team API registered
2022-07-31 11:45:55,473 - HR - INFO - Authentication API registered
2022-07-31 11:45:55,474 - HR - INFO - Bot API registered
2022-07-31 11:46:01,223 - HR - INFO - Flask application created
2022-07-31 11:46:01,278 - HR - INFO - Firebase credintials initialized
2022-07-31 11:46:01,279 - HR - INFO - Firebase app initialized
2022-07-31 11:46:01,279 - HR - INFO - Firestore database connected
2022-07-31 11:46:01,322 - HR - INFO - Organization API registered
2022-07-31 11:46:01,325 - HR - INFO - Employee API registered
2022-07-31 11:46:01,326 - HR - INFO - Employee Attendance API registered
2022-07-31 11:46:01,332 - HR - INFO - Team API registered
2022-07-31 11:46:01,334 - HR - INFO - Authentication API registered
2022-07-31 11:46:01,335 - HR - INFO - Bot API registered
2022-07-31 11:46:05,099 - HR - INFO - Flask application created
2022-07-31 11:46:05,163 - HR - INFO - Firebase credintials initialized
2022-07-31 11:46:05,164 - HR - INFO - Firebase app initialized
2022-07-31 11:46:05,164 - HR - INFO - Firestore database connected
2022-07-31 11:46:05,216 - HR - INFO - Organization API registered
2022-07-31 11:46:05,217 - HR - INFO - Employee API registered
2022-07-31 11:46:05,218 - HR - INFO - Employee Attendance API registered
2022-07-31 11:46:05,223 - HR - INFO - Team API registered
2022-07-31 11:46:05,224 - HR - INFO - Authentication API registered
2022-07-31 11:46:05,225 - HR - INFO - Bot API registered
2022-07-31 11:46:07,945 - HR - INFO - Flask application created
2022-07-31 11:46:08,000 - HR - INFO - Firebase credintials initialized
2022-07-31 11:46:08,000 - HR - INFO - Firebase app initialized
2022-07-31 11:46:08,000 - HR - INFO - Firestore database connected
2022-07-31 11:46:08,039 - HR - INFO - Organization API registered
2022-07-31 11:46:08,041 - HR - INFO - Employee API registered
2022-07-31 11:46:08,042 - HR - INFO - Employee Attendance API registered
2022-07-31 11:46:08,044 - HR - INFO - Team API registered
2022-07-31 11:46:08,047 - HR - INFO - Authentication API registered
2022-07-31 11:46:08,048 - HR - INFO - Bot API registered
2022-07-31 11:46:14,823 - HR - INFO - Flask application created
2022-07-31 11:46:14,878 - HR - INFO - Firebase credintials initialized
2022-07-31 11:46:14,878 - HR - INFO - Firebase app initialized
2022-07-31 11:46:14,878 - HR - INFO - Firestore database connected
2022-07-31 11:46:14,920 - HR - INFO - Organization API registered
2022-07-31 11:46:14,922 - HR - INFO - Employee API registered
2022-07-31 11:46:14,922 - HR - INFO - Employee Attendance API registered
2022-07-31 11:46:14,927 - HR - INFO - Team API registered
2022-07-31 11:46:14,928 - HR - INFO - Authentication API registered
2022-07-31 11:46:14,929 - HR - INFO - Bot API registered
2022-07-31 11:46:18,710 - HR - INFO - Flask application created
2022-07-31 11:46:18,765 - HR - INFO - Firebase credintials initialized
2022-07-31 11:46:18,765 - HR - INFO - Firebase app initialized
2022-07-31 11:46:18,765 - HR - INFO - Firestore database connected
2022-07-31 11:46:18,802 - HR - INFO - Organization API registered
2022-07-31 11:46:18,805 - HR - INFO - Employee API registered
2022-07-31 11:46:18,806 - HR - INFO - Employee Attendance API registered
2022-07-31 11:46:18,809 - HR - INFO - Team API registered
2022-07-31 11:46:18,810 - HR - INFO - Authentication API registered
2022-07-31 11:46:18,811 - HR - INFO - Bot API registered
2022-07-31 11:46:31,521 - HR - INFO - Flask application created
2022-07-31 11:46:31,574 - HR - INFO - Firebase credintials initialized
2022-07-31 11:46:31,574 - HR - INFO - Firebase app initialized
2022-07-31 11:46:31,574 - HR - INFO - Firestore database connected
2022-07-31 11:46:31,620 - HR - INFO - Organization API registered
2022-07-31 11:46:31,623 - HR - INFO - Employee API registered
2022-07-31 11:46:31,625 - HR - INFO - Employee Attendance API registered
2022-07-31 11:46:31,628 - HR - INFO - Team API registered
2022-07-31 11:46:31,630 - HR - INFO - Authentication API registered
2022-07-31 11:46:31,631 - HR - INFO - Bot API registered
2022-07-31 11:46:37,360 - HR - INFO - Flask application created
2022-07-31 11:46:37,413 - HR - INFO - Firebase credintials initialized
2022-07-31 11:46:37,413 - HR - INFO - Firebase app initialized
2022-07-31 11:46:37,413 - HR - INFO - Firestore database connected
2022-07-31 11:46:37,451 - HR - INFO - Organization API registered
2022-07-31 11:46:37,452 - HR - INFO - Employee API registered
2022-07-31 11:46:37,453 - HR - INFO - Employee Attendance API registered
2022-07-31 11:46:37,455 - HR - INFO - Team API registered
2022-07-31 11:46:37,457 - HR - INFO - Authentication API registered
2022-07-31 11:46:37,458 - HR - INFO - Bot API registered
2022-07-31 11:46:43,262 - HR - INFO - Flask application created
2022-07-31 11:46:43,316 - HR - INFO - Firebase credintials initialized
2022-07-31 11:46:43,316 - HR - INFO - Firebase app initialized
2022-07-31 11:46:43,316 - HR - INFO - Firestore database connected
2022-07-31 11:46:43,355 - HR - INFO - Organization API registered
2022-07-31 11:46:43,356 - HR - INFO - Employee API registered
2022-07-31 11:46:43,357 - HR - INFO - Employee Attendance API registered
2022-07-31 11:46:43,359 - HR - INFO - Team API registered
2022-07-31 11:46:43,361 - HR - INFO - Authentication API registered
2022-07-31 11:46:43,361 - HR - INFO - Bot API registered
2022-07-31 11:46:46,881 - HR - INFO - Flask application created
2022-07-31 11:46:46,936 - HR - INFO - Firebase credintials initialized
2022-07-31 11:46:46,936 - HR - INFO - Firebase app initialized
2022-07-31 11:46:46,936 - HR - INFO - Firestore database connected
2022-07-31 11:46:46,975 - HR - INFO - Organization API registered
2022-07-31 11:46:46,977 - HR - INFO - Employee API registered
2022-07-31 11:46:46,978 - HR - INFO - Employee Attendance API registered
2022-07-31 11:46:46,980 - HR - INFO - Team API registered
2022-07-31 11:46:46,982 - HR - INFO - Authentication API registered
2022-07-31 11:46:46,982 - HR - INFO - Bot API registered
2022-07-31 11:46:55,717 - HR - INFO - Flask application created
2022-07-31 11:46:55,770 - HR - INFO - Firebase credintials initialized
2022-07-31 11:46:55,771 - HR - INFO - Firebase app initialized
2022-07-31 11:46:55,771 - HR - INFO - Firestore database connected
2022-07-31 11:46:55,810 - HR - INFO - Organization API registered
2022-07-31 11:46:55,811 - HR - INFO - Employee API registered
2022-07-31 11:46:55,812 - HR - INFO - Employee Attendance API registered
2022-07-31 11:46:55,815 - HR - INFO - Team API registered
2022-07-31 11:46:55,816 - HR - INFO - Authentication API registered
2022-07-31 11:46:55,817 - HR - INFO - Bot API registered
2022-07-31 11:46:59,449 - HR - INFO - Flask application created
2022-07-31 11:46:59,504 - HR - INFO - Firebase credintials initialized
2022-07-31 11:46:59,504 - HR - INFO - Firebase app initialized
2022-07-31 11:46:59,504 - HR - INFO - Firestore database connected
2022-07-31 11:46:59,541 - HR - INFO - Organization API registered
2022-07-31 11:46:59,543 - HR - INFO - Employee API registered
2022-07-31 11:46:59,544 - HR - INFO - Employee Attendance API registered
2022-07-31 11:46:59,546 - HR - INFO - Team API registered
2022-07-31 11:46:59,548 - HR - INFO - Authentication API registered
2022-07-31 11:46:59,548 - HR - INFO - Bot API registered
2022-07-31 11:47:12,433 - HR - INFO - Flask application created
2022-07-31 11:47:12,488 - HR - INFO - Firebase credintials initialized
2022-07-31 11:47:12,489 - HR - INFO - Firebase app initialized
2022-07-31 11:47:12,489 - HR - INFO - Firestore database connected
2022-07-31 11:47:12,528 - HR - INFO - Organization API registered
2022-07-31 11:47:12,530 - HR - INFO - Employee API registered
2022-07-31 11:47:12,531 - HR - INFO - Employee Attendance API registered
2022-07-31 11:47:12,534 - HR - INFO - Team API registered
2022-07-31 11:47:12,535 - HR - INFO - Authentication API registered
2022-07-31 11:47:12,536 - HR - INFO - Bot API registered
2022-07-31 11:47:17,084 - HR - INFO - Flask application created
2022-07-31 11:47:17,140 - HR - INFO - Firebase credintials initialized
2022-07-31 11:47:17,140 - HR - INFO - Firebase app initialized
2022-07-31 11:47:17,140 - HR - INFO - Firestore database connected
2022-07-31 11:47:17,181 - HR - INFO - Organization API registered
2022-07-31 11:47:17,183 - HR - INFO - Employee API registered
2022-07-31 11:47:17,184 - HR - INFO - Employee Attendance API registered
2022-07-31 11:47:17,187 - HR - INFO - Team API registered
2022-07-31 11:47:17,189 - HR - INFO - Authentication API registered
2022-07-31 11:47:17,189 - HR - INFO - Bot API registered
2022-07-31 11:47:29,765 - HR - INFO - Flask application created
2022-07-31 11:47:29,834 - HR - INFO - Firebase credintials initialized
2022-07-31 11:47:29,834 - HR - INFO - Firebase app initialized
2022-07-31 11:47:29,834 - HR - INFO - Firestore database connected
2022-07-31 11:47:29,899 - HR - INFO - Organization API registered
2022-07-31 11:47:29,901 - HR - INFO - Employee API registered
2022-07-31 11:47:29,902 - HR - INFO - Employee Attendance API registered
2022-07-31 11:47:29,904 - HR - INFO - Team API registered
2022-07-31 11:47:29,905 - HR - INFO - Authentication API registered
2022-07-31 11:47:29,906 - HR - INFO - Bot API registered
2022-07-31 11:47:37,480 - HR - INFO - Flask application created
2022-07-31 11:47:37,534 - HR - INFO - Firebase credintials initialized
2022-07-31 11:47:37,534 - HR - INFO - Firebase app initialized
2022-07-31 11:47:37,534 - HR - INFO - Firestore database connected
2022-07-31 11:47:37,570 - HR - INFO - Organization API registered
2022-07-31 11:47:37,571 - HR - INFO - Employee API registered
2022-07-31 11:47:37,572 - HR - INFO - Employee Attendance API registered
2022-07-31 11:47:37,575 - HR - INFO - Team API registered
2022-07-31 11:47:37,576 - HR - INFO - Authentication API registered
2022-07-31 11:47:37,577 - HR - INFO - Bot API registered
2022-07-31 11:47:49,379 - HR - INFO - Flask application created
2022-07-31 11:47:49,434 - HR - INFO - Firebase credintials initialized
2022-07-31 11:47:49,434 - HR - INFO - Firebase app initialized
2022-07-31 11:47:49,434 - HR - INFO - Firestore database connected
2022-07-31 11:47:49,472 - HR - INFO - Organization API registered
2022-07-31 11:47:49,473 - HR - INFO - Employee API registered
2022-07-31 11:47:49,475 - HR - INFO - Employee Attendance API registered
2022-07-31 11:47:49,477 - HR - INFO - Team API registered
2022-07-31 11:47:49,479 - HR - INFO - Authentication API registered
2022-07-31 11:47:49,480 - HR - INFO - Bot API registered
2022-07-31 11:48:02,139 - HR - INFO - Flask application created
2022-07-31 11:48:02,195 - HR - INFO - Firebase credintials initialized
2022-07-31 11:48:02,196 - HR - INFO - Firebase app initialized
2022-07-31 11:48:02,196 - HR - INFO - Firestore database connected
2022-07-31 11:48:02,245 - HR - INFO - Organization API registered
2022-07-31 11:48:02,247 - HR - INFO - Employee API registered
2022-07-31 11:48:02,249 - HR - INFO - Employee Attendance API registered
2022-07-31 11:48:02,253 - HR - INFO - Team API registered
2022-07-31 11:48:02,254 - HR - INFO - Authentication API registered
2022-07-31 11:48:02,255 - HR - INFO - Bot API registered
2022-07-31 11:48:05,831 - HR - INFO - Flask application created
2022-07-31 11:48:05,882 - HR - INFO - Firebase credintials initialized
2022-07-31 11:48:05,883 - HR - INFO - Firebase app initialized
2022-07-31 11:48:05,883 - HR - INFO - Firestore database connected
2022-07-31 11:48:05,924 - HR - INFO - Organization API registered
2022-07-31 11:48:05,925 - HR - INFO - Employee API registered
2022-07-31 11:48:05,926 - HR - INFO - Employee Attendance API registered
2022-07-31 11:48:05,928 - HR - INFO - Team API registered
2022-07-31 11:48:05,930 - HR - INFO - Authentication API registered
2022-07-31 11:48:05,930 - HR - INFO - Bot API registered
2022-07-31 11:48:08,366 - HR - INFO - Flask application created
2022-07-31 11:48:08,418 - HR - INFO - Firebase credintials initialized
2022-07-31 11:48:08,418 - HR - INFO - Firebase app initialized
2022-07-31 11:48:08,418 - HR - INFO - Firestore database connected
2022-07-31 11:55:00,969 - HR - INFO - Flask application created
2022-07-31 11:55:01,030 - HR - INFO - Firebase credintials initialized
2022-07-31 11:55:01,030 - HR - INFO - Firebase app initialized
2022-07-31 11:55:01,030 - HR - INFO - Firestore database connected
2022-07-31 11:55:01,076 - HR - INFO - Organization API registered
2022-07-31 11:55:01,078 - HR - INFO - Employee API registered
2022-07-31 11:55:01,080 - HR - INFO - Employee Attendance API registered
2022-07-31 11:55:01,083 - HR - INFO - Team API registered
2022-07-31 11:55:01,084 - HR - INFO - Authentication API registered
2022-07-31 11:55:01,085 - HR - INFO - Bot API registered
2022-07-31 11:55:02,830 - HR - INFO - Flask application created
2022-07-31 11:55:02,881 - HR - INFO - Firebase credintials initialized
2022-07-31 11:55:02,881 - HR - INFO - Firebase app initialized
2022-07-31 11:55:02,881 - HR - INFO - Firestore database connected
2022-07-31 11:55:02,927 - HR - INFO - Organization API registered
2022-07-31 11:55:02,928 - HR - INFO - Employee API registered
2022-07-31 11:55:02,929 - HR - INFO - Employee Attendance API registered
2022-07-31 11:55:02,932 - HR - INFO - Team API registered
2022-07-31 11:55:02,933 - HR - INFO - Authentication API registered
2022-07-31 11:55:02,933 - HR - INFO - Bot API registered
2022-07-31 11:55:12,628 - HR - INFO - Flask application created
2022-07-31 11:55:12,684 - HR - INFO - Firebase credintials initialized
2022-07-31 11:55:12,684 - HR - INFO - Firebase app initialized
2022-07-31 11:55:12,684 - HR - INFO - Firestore database connected
2022-07-31 11:55:12,724 - HR - INFO - Organization API registered
2022-07-31 11:55:12,726 - HR - INFO - Employee API registered
2022-07-31 11:55:12,727 - HR - INFO - Employee Attendance API registered
2022-07-31 11:55:12,729 - HR - INFO - Team API registered
2022-07-31 11:55:12,730 - HR - INFO - Authentication API registered
2022-07-31 11:55:12,731 - HR - INFO - Bot API registered
2022-07-31 11:55:29,706 - HR - INFO - Flask application created
2022-07-31 11:55:29,763 - HR - INFO - Firebase credintials initialized
2022-07-31 11:55:29,763 - HR - INFO - Firebase app initialized
2022-07-31 11:55:29,763 - HR - INFO - Firestore database connected
2022-07-31 12:17:59,188 - HR - INFO - Flask application created
2022-07-31 12:17:59,248 - HR - INFO - Firebase credintials initialized
2022-07-31 12:17:59,248 - HR - INFO - Firebase app initialized
2022-07-31 12:17:59,248 - HR - INFO - Firestore database connected
2022-07-31 12:17:59,292 - HR - INFO - Organization API registered
2022-07-31 12:17:59,293 - HR - INFO - Employee API registered
2022-07-31 12:17:59,294 - HR - INFO - Employee Attendance API registered
2022-07-31 12:17:59,297 - HR - INFO - Team API registered
2022-07-31 12:17:59,298 - HR - INFO - Authentication API registered
2022-07-31 12:17:59,299 - HR - INFO - Bot API registered
2022-07-31 12:18:00,951 - HR - INFO - Flask application created
2022-07-31 12:18:01,006 - HR - INFO - Firebase credintials initialized
2022-07-31 12:18:01,007 - HR - INFO - Firebase app initialized
2022-07-31 12:18:01,007 - HR - INFO - Firestore database connected
2022-07-31 12:18:01,045 - HR - INFO - Organization API registered
2022-07-31 12:18:01,047 - HR - INFO - Employee API registered
2022-07-31 12:18:01,048 - HR - INFO - Employee Attendance API registered
2022-07-31 12:18:01,050 - HR - INFO - Team API registered
2022-07-31 12:18:01,052 - HR - INFO - Authentication API registered
2022-07-31 12:18:01,053 - HR - INFO - Bot API registered
2022-07-31 12:18:31,472 - HR - INFO - Flask application created
2022-07-31 12:18:31,528 - HR - INFO - Firebase credintials initialized
2022-07-31 12:18:31,528 - HR - INFO - Firebase app initialized
2022-07-31 12:18:31,528 - HR - INFO - Firestore database connected
2022-07-31 12:18:31,571 - HR - INFO - Organization API registered
2022-07-31 12:18:31,573 - HR - INFO - Employee API registered
2022-07-31 12:18:31,574 - HR - INFO - Employee Attendance API registered
2022-07-31 12:18:31,576 - HR - INFO - Team API registered
2022-07-31 12:18:31,577 - HR - INFO - Authentication API registered
2022-07-31 12:18:31,578 - HR - INFO - Bot API registered
2022-07-31 12:18:32,277 - models.Employee - INFO - Creating new Employee
2022-07-31 12:18:32,438 - models.Employee - INFO - Employee U03RSN5S8LC created
2022-07-31 12:24:50,806 - HR - INFO - Flask application created
2022-07-31 12:24:50,876 - HR - INFO - Firebase credintials initialized
2022-07-31 12:24:50,876 - HR - INFO - Firebase app initialized
2022-07-31 12:24:50,876 - HR - INFO - Firestore database connected
2022-07-31 12:24:50,931 - HR - INFO - Organization API registered
2022-07-31 12:24:50,933 - HR - INFO - Employee API registered
2022-07-31 12:24:50,934 - HR - INFO - Employee Attendance API registered
2022-07-31 12:24:50,936 - HR - INFO - Team API registered
2022-07-31 12:24:50,938 - HR - INFO - Authentication API registered
2022-07-31 12:24:50,940 - HR - INFO - Bot API registered
2022-07-31 12:30:35,940 - HR - INFO - Flask application created
2022-07-31 12:30:35,996 - HR - INFO - Firebase credintials initialized
2022-07-31 12:30:35,996 - HR - INFO - Firebase app initialized
2022-07-31 12:30:35,997 - HR - INFO - Firestore database connected
2022-07-31 12:32:08,291 - HR - INFO - Flask application created
2022-07-31 12:32:08,343 - HR - INFO - Firebase credintials initialized
2022-07-31 12:32:08,343 - HR - INFO - Firebase app initialized
2022-07-31 12:32:08,343 - HR - INFO - Firestore database connected
2022-07-31 12:32:08,382 - HR - INFO - Organization API registered
2022-07-31 12:32:08,383 - HR - INFO - Employee API registered
2022-07-31 12:32:08,384 - HR - INFO - Employee Attendance API registered
2022-07-31 12:32:08,387 - HR - INFO - Team API registered
2022-07-31 12:32:08,388 - HR - INFO - Authentication API registered
2022-07-31 12:32:08,388 - HR - INFO - Bot API registered
2022-07-31 12:32:09,557 - HR - INFO - Flask application created
2022-07-31 12:32:09,608 - HR - INFO - Firebase credintials initialized
2022-07-31 12:32:09,608 - HR - INFO - Firebase app initialized
2022-07-31 12:32:09,608 - HR - INFO - Firestore database connected
2022-07-31 12:32:09,644 - HR - INFO - Organization API registered
2022-07-31 12:32:09,646 - HR - INFO - Employee API registered
2022-07-31 12:32:09,647 - HR - INFO - Employee Attendance API registered
2022-07-31 12:32:09,649 - HR - INFO - Team API registered
2022-07-31 12:32:09,651 - HR - INFO - Authentication API registered
2022-07-31 12:32:09,651 - HR - INFO - Bot API registered
2022-07-31 12:34:27,036 - models.Employee - INFO - Creating new Employee
2022-07-31 12:34:27,193 - models.Employee - INFO - Employee U03RSPSKW84 created
2022-07-31 12:39:41,122 - HR - INFO - Flask application created
2022-07-31 12:39:41,177 - HR - INFO - Firebase credintials initialized
2022-07-31 12:39:41,177 - HR - INFO - Firebase app initialized
2022-07-31 12:39:41,177 - HR - INFO - Firestore database connected
2022-07-31 12:39:54,470 - HR - INFO - Flask application created
2022-07-31 12:39:54,529 - HR - INFO - Firebase credintials initialized
2022-07-31 12:39:54,529 - HR - INFO - Firebase app initialized
2022-07-31 12:39:54,529 - HR - INFO - Firestore database connected
2022-07-31 12:39:54,577 - HR - INFO - Organization API registered
2022-07-31 12:39:54,579 - HR - INFO - Employee API registered
2022-07-31 12:39:54,580 - HR - INFO - Employee Attendance API registered
2022-07-31 12:39:54,582 - HR - INFO - Team API registered
2022-07-31 12:39:54,583 - HR - INFO - Authentication API registered
2022-07-31 12:39:54,584 - HR - INFO - Bot API registered
2022-07-31 12:39:56,093 - HR - INFO - Flask application created
2022-07-31 12:39:56,178 - HR - INFO - Firebase credintials initialized
2022-07-31 12:39:56,178 - HR - INFO - Firebase app initialized
2022-07-31 12:39:56,178 - HR - INFO - Firestore database connected
2022-07-31 12:39:56,223 - HR - INFO - Organization API registered
2022-07-31 12:39:56,225 - HR - INFO - Employee API registered
2022-07-31 12:39:56,227 - HR - INFO - Employee Attendance API registered
2022-07-31 12:39:56,233 - HR - INFO - Team API registered
2022-07-31 12:39:56,235 - HR - INFO - Authentication API registered
2022-07-31 12:39:56,235 - HR - INFO - Bot API registered
2022-07-31 12:40:59,121 - HR - INFO - Flask application created
2022-07-31 12:40:59,176 - HR - INFO - Firebase credintials initialized
2022-07-31 12:40:59,176 - HR - INFO - Firebase app initialized
2022-07-31 12:40:59,176 - HR - INFO - Firestore database connected
2022-07-31 12:40:59,215 - HR - INFO - Organization API registered
2022-07-31 12:40:59,216 - HR - INFO - Employee API registered
2022-07-31 12:40:59,217 - HR - INFO - Employee Attendance API registered
2022-07-31 12:40:59,220 - HR - INFO - Team API registered
2022-07-31 12:40:59,221 - HR - INFO - Authentication API registered
2022-07-31 12:40:59,221 - HR - INFO - Bot API registered
2022-07-31 12:41:48,457 - HR - INFO - Flask application created
2022-07-31 12:41:48,510 - HR - INFO - Firebase credintials initialized
2022-07-31 12:41:48,510 - HR - INFO - Firebase app initialized
2022-07-31 12:41:48,511 - HR - INFO - Firestore database connected
2022-07-31 12:41:48,549 - HR - INFO - Organization API registered
2022-07-31 12:41:48,551 - HR - INFO - Employee API registered
2022-07-31 12:41:48,552 - HR - INFO - Employee Attendance API registered
2022-07-31 12:41:48,554 - HR - INFO - Team API registered
2022-07-31 12:41:48,556 - HR - INFO - Authentication API registered
2022-07-31 12:41:48,556 - HR - INFO - Bot API registered
2022-07-31 12:42:17,533 - HR - INFO - Flask application created
2022-07-31 12:42:17,585 - HR - INFO - Firebase credintials initialized
2022-07-31 12:42:17,585 - HR - INFO - Firebase app initialized
2022-07-31 12:42:17,586 - HR - INFO - Firestore database connected
2022-07-31 12:42:17,625 - HR - INFO - Organization API registered
2022-07-31 12:42:17,626 - HR - INFO - Employee API registered
2022-07-31 12:42:17,627 - HR - INFO - Employee Attendance API registered
2022-07-31 12:42:17,629 - HR - INFO - Team API registered
2022-07-31 12:42:17,631 - HR - INFO - Authentication API registered
2022-07-31 12:42:17,631 - HR - INFO - Bot API registered
2022-07-31 12:42:26,646 - HR - INFO - Flask application created
2022-07-31 12:42:26,719 - HR - INFO - Firebase credintials initialized
2022-07-31 12:42:26,719 - HR - INFO - Firebase app initialized
2022-07-31 12:42:26,719 - HR - INFO - Firestore database connected
2022-07-31 12:42:26,784 - HR - INFO - Organization API registered
2022-07-31 12:42:26,786 - HR - INFO - Employee API registered
2022-07-31 12:42:26,788 - HR - INFO - Employee Attendance API registered
2022-07-31 12:42:26,790 - HR - INFO - Team API registered
2022-07-31 12:42:26,791 - HR - INFO - Authentication API registered
2022-07-31 12:42:26,791 - HR - INFO - Bot API registered
2022-07-31 14:14:24,052 - HR - INFO - Flask application created
2022-07-31 14:14:24,114 - HR - INFO - Firebase credintials initialized
2022-07-31 14:14:24,114 - HR - INFO - Firebase app initialized
2022-07-31 14:14:24,114 - HR - INFO - Firestore database connected
2022-07-31 14:14:26,138 - HR - INFO - Flask application created
2022-07-31 14:14:26,142 - HR - CRITICAL - Firebase app initialization failed
2022-07-31 14:14:26,142 - HR - ERROR - Invalid certificate argument: "None". Certificate argument must be a file path, or a dict containing the parsed file contents.
Traceback (most recent call last):
  File "C:\Users\MohammadAB\Desktop\HR-System\HR\__init__.py", line 31, in <module>
    cred = credentials.Certificate(getenv('FIRE_STORE_CRIDENTIALS'))
  File "C:\Users\MohammadAB\AppData\Local\Programs\Python\Python310\lib\site-packages\firebase_admin\credentials.py", line 88, in __init__
    raise ValueError(
ValueError: Invalid certificate argument: "None". Certificate argument must be a file path, or a dict containing the parsed file contents.
2022-07-31 14:20:37,886 - HR - INFO - Flask application created
2022-07-31 14:20:37,939 - HR - INFO - Firebase credintials initialized
2022-07-31 14:20:37,939 - HR - INFO - Firebase app initialized
2022-07-31 14:20:37,939 - HR - INFO - Firestore database connected
2022-07-31 14:20:37,980 - HR - INFO - Organization API registered
2022-07-31 14:20:37,982 - HR - INFO - Employee API registered
2022-07-31 14:20:37,982 - HR - INFO - Employee Attendance API registered
2022-07-31 14:20:37,985 - HR - INFO - Team API registered
2022-07-31 14:20:37,986 - HR - INFO - Authentication API registered
2022-07-31 14:20:37,987 - HR - INFO - Bot API registered
2022-07-31 14:20:39,219 - HR - INFO - Flask application created
2022-07-31 14:20:39,278 - HR - INFO - Firebase credintials initialized
2022-07-31 14:20:39,278 - HR - INFO - Firebase app initialized
2022-07-31 14:20:39,278 - HR - INFO - Firestore database connected
2022-07-31 14:20:39,327 - HR - INFO - Organization API registered
2022-07-31 14:20:39,328 - HR - INFO - Employee API registered
2022-07-31 14:20:39,330 - HR - INFO - Employee Attendance API registered
2022-07-31 14:20:39,332 - HR - INFO - Team API registered
2022-07-31 14:20:39,334 - HR - INFO - Authentication API registered
2022-07-31 14:20:39,335 - HR - INFO - Bot API registered
2022-07-31 14:21:26,940 - HR - INFO - Flask application created
2022-07-31 14:21:26,994 - HR - INFO - Firebase credintials initialized
2022-07-31 14:21:26,995 - HR - INFO - Firebase app initialized
2022-07-31 14:21:26,995 - HR - INFO - Firestore database connected
2022-07-31 14:21:27,036 - HR - INFO - Organization API registered
2022-07-31 14:21:27,037 - HR - INFO - Employee API registered
2022-07-31 14:21:27,038 - HR - INFO - Employee Attendance API registered
2022-07-31 14:21:27,040 - HR - INFO - Team API registered
2022-07-31 14:21:27,042 - HR - INFO - Authentication API registered
2022-07-31 14:21:27,042 - HR - INFO - Bot API registered
2022-07-31 14:21:32,762 - HR - INFO - Flask application created
2022-07-31 14:21:32,814 - HR - INFO - Firebase credintials initialized
2022-07-31 14:21:32,814 - HR - INFO - Firebase app initialized
2022-07-31 14:21:32,814 - HR - INFO - Firestore database connected
2022-07-31 14:21:32,855 - HR - INFO - Organization API registered
2022-07-31 14:21:32,858 - HR - INFO - Employee API registered
2022-07-31 14:21:32,859 - HR - INFO - Employee Attendance API registered
2022-07-31 14:21:32,862 - HR - INFO - Team API registered
2022-07-31 14:21:32,864 - HR - INFO - Authentication API registered
2022-07-31 14:21:32,865 - HR - INFO - Bot API registered
2022-07-31 14:21:43,658 - HR - INFO - Flask application created
2022-07-31 14:21:43,712 - HR - INFO - Firebase credintials initialized
2022-07-31 14:21:43,713 - HR - INFO - Firebase app initialized
2022-07-31 14:21:43,713 - HR - INFO - Firestore database connected
2022-07-31 14:21:43,758 - HR - INFO - Organization API registered
2022-07-31 14:21:43,760 - HR - INFO - Employee API registered
2022-07-31 14:21:43,761 - HR - INFO - Employee Attendance API registered
2022-07-31 14:21:43,763 - HR - INFO - Team API registered
2022-07-31 14:21:43,764 - HR - INFO - Authentication API registered
2022-07-31 14:21:43,765 - HR - INFO - Bot API registered
2022-07-31 14:21:47,202 - HR - INFO - Flask application created
2022-07-31 14:21:47,254 - HR - INFO - Firebase credintials initialized
2022-07-31 14:21:47,254 - HR - INFO - Firebase app initialized
2022-07-31 14:21:47,254 - HR - INFO - Firestore database connected
2022-07-31 14:21:47,293 - HR - INFO - Organization API registered
2022-07-31 14:21:47,294 - HR - INFO - Employee API registered
2022-07-31 14:21:47,295 - HR - INFO - Employee Attendance API registered
2022-07-31 14:21:47,297 - HR - INFO - Team API registered
2022-07-31 14:21:47,299 - HR - INFO - Authentication API registered
2022-07-31 14:21:47,299 - HR - INFO - Bot API registered
2022-07-31 14:22:06,310 - HR - INFO - Flask application created
2022-07-31 14:22:06,479 - HR - INFO - Firebase credintials initialized
2022-07-31 14:22:06,480 - HR - INFO - Firebase app initialized
2022-07-31 14:22:06,480 - HR - INFO - Firestore database connected
2022-07-31 14:22:06,549 - HR - INFO - Organization API registered
2022-07-31 14:22:06,551 - HR - INFO - Employee API registered
2022-07-31 14:22:06,552 - HR - INFO - Employee Attendance API registered
2022-07-31 14:22:06,555 - HR - INFO - Team API registered
2022-07-31 14:22:06,557 - HR - INFO - Authentication API registered
2022-07-31 14:22:06,557 - HR - INFO - Bot API registered
2022-07-31 14:22:20,405 - HR - INFO - Flask application created
2022-07-31 14:22:20,460 - HR - INFO - Firebase credintials initialized
2022-07-31 14:22:20,460 - HR - INFO - Firebase app initialized
2022-07-31 14:22:20,460 - HR - INFO - Firestore database connected
2022-07-31 14:22:20,508 - HR - INFO - Organization API registered
2022-07-31 14:22:20,511 - HR - INFO - Employee API registered
2022-07-31 14:22:20,512 - HR - INFO - Employee Attendance API registered
2022-07-31 14:22:20,514 - HR - INFO - Team API registered
2022-07-31 14:22:20,515 - HR - INFO - Authentication API registered
2022-07-31 14:22:20,516 - HR - INFO - Bot API registered
2022-07-31 14:22:23,161 - HR - INFO - Flask application created
2022-07-31 14:22:23,214 - HR - INFO - Firebase credintials initialized
2022-07-31 14:22:23,214 - HR - INFO - Firebase app initialized
2022-07-31 14:22:23,214 - HR - INFO - Firestore database connected
2022-07-31 14:25:54,045 - HR - INFO - Flask application created
2022-07-31 14:25:54,100 - HR - INFO - Firebase credintials initialized
2022-07-31 14:25:54,100 - HR - INFO - Firebase app initialized
2022-07-31 14:25:54,100 - HR - INFO - Firestore database connected
2022-07-31 14:26:32,389 - HR - INFO - Flask application created
2022-07-31 14:26:32,441 - HR - INFO - Firebase credintials initialized
2022-07-31 14:26:32,441 - HR - INFO - Firebase app initialized
2022-07-31 14:26:32,441 - HR - INFO - Firestore database connected
2022-07-31 14:26:32,483 - HR - INFO - Organization API registered
2022-07-31 14:26:32,485 - HR - INFO - Employee API registered
2022-07-31 14:26:32,486 - HR - INFO - Employee Attendance API registered
2022-07-31 14:26:32,488 - HR - INFO - Team API registered
2022-07-31 14:26:32,489 - HR - INFO - Authentication API registered
2022-07-31 14:26:32,490 - HR - INFO - Bot API registered
2022-07-31 14:26:34,282 - HR - INFO - Flask application created
2022-07-31 14:26:34,339 - HR - INFO - Firebase credintials initialized
2022-07-31 14:26:34,339 - HR - INFO - Firebase app initialized
2022-07-31 14:26:34,339 - HR - INFO - Firestore database connected
2022-07-31 14:26:34,411 - HR - INFO - Organization API registered
2022-07-31 14:26:34,413 - HR - INFO - Employee API registered
2022-07-31 14:26:34,414 - HR - INFO - Employee Attendance API registered
2022-07-31 14:26:34,417 - HR - INFO - Team API registered
2022-07-31 14:26:34,421 - HR - INFO - Authentication API registered
2022-07-31 14:26:34,422 - HR - INFO - Bot API registered
2022-07-31 14:26:45,999 - HR - INFO - Flask application created
2022-07-31 14:26:46,054 - HR - INFO - Firebase credintials initialized
2022-07-31 14:26:46,054 - HR - INFO - Firebase app initialized
2022-07-31 14:26:46,054 - HR - INFO - Firestore database connected
2022-07-31 14:26:46,097 - HR - INFO - Organization API registered
2022-07-31 14:26:46,100 - HR - INFO - Employee API registered
2022-07-31 14:26:46,101 - HR - INFO - Employee Attendance API registered
2022-07-31 14:26:46,104 - HR - INFO - Team API registered
2022-07-31 14:26:46,105 - HR - INFO - Authentication API registered
2022-07-31 14:26:46,109 - HR - INFO - Bot API registered
2022-07-31 14:26:49,563 - HR - INFO - Flask application created
2022-07-31 14:26:49,615 - HR - INFO - Firebase credintials initialized
2022-07-31 14:26:49,615 - HR - INFO - Firebase app initialized
2022-07-31 14:26:49,615 - HR - INFO - Firestore database connected
2022-07-31 14:26:49,655 - HR - INFO - Organization API registered
2022-07-31 14:26:49,657 - HR - INFO - Employee API registered
2022-07-31 14:26:49,658 - HR - INFO - Employee Attendance API registered
2022-07-31 14:26:49,660 - HR - INFO - Team API registered
2022-07-31 14:26:49,661 - HR - INFO - Authentication API registered
2022-07-31 14:26:49,662 - HR - INFO - Bot API registered
2022-07-31 14:26:54,224 - HR - INFO - Flask application created
2022-07-31 14:26:54,276 - HR - INFO - Firebase credintials initialized
2022-07-31 14:26:54,276 - HR - INFO - Firebase app initialized
2022-07-31 14:26:54,276 - HR - INFO - Firestore database connected
2022-07-31 14:26:54,316 - HR - INFO - Organization API registered
2022-07-31 14:26:54,318 - HR - INFO - Employee API registered
2022-07-31 14:26:54,319 - HR - INFO - Employee Attendance API registered
2022-07-31 14:26:54,321 - HR - INFO - Team API registered
2022-07-31 14:26:54,322 - HR - INFO - Authentication API registered
2022-07-31 14:26:54,323 - HR - INFO - Bot API registered
2022-07-31 14:26:57,748 - HR - INFO - Flask application created
2022-07-31 14:26:57,800 - HR - INFO - Firebase credintials initialized
2022-07-31 14:26:57,800 - HR - INFO - Firebase app initialized
2022-07-31 14:26:57,801 - HR - INFO - Firestore database connected
2022-07-31 14:26:57,841 - HR - INFO - Organization API registered
2022-07-31 14:26:57,842 - HR - INFO - Employee API registered
2022-07-31 14:26:57,843 - HR - INFO - Employee Attendance API registered
2022-07-31 14:26:57,846 - HR - INFO - Team API registered
2022-07-31 14:26:57,847 - HR - INFO - Authentication API registered
2022-07-31 14:26:57,848 - HR - INFO - Bot API registered
2022-07-31 14:27:03,417 - HR - INFO - Flask application created
2022-07-31 14:27:03,470 - HR - INFO - Firebase credintials initialized
2022-07-31 14:27:03,470 - HR - INFO - Firebase app initialized
2022-07-31 14:27:03,470 - HR - INFO - Firestore database connected
2022-07-31 14:27:03,510 - HR - INFO - Organization API registered
2022-07-31 14:27:03,511 - HR - INFO - Employee API registered
2022-07-31 14:27:03,512 - HR - INFO - Employee Attendance API registered
2022-07-31 14:27:03,515 - HR - INFO - Team API registered
2022-07-31 14:27:03,516 - HR - INFO - Authentication API registered
2022-07-31 14:27:03,517 - HR - INFO - Bot API registered
2022-07-31 14:27:13,250 - HR - INFO - Flask application created
2022-07-31 14:27:13,305 - HR - INFO - Firebase credintials initialized
2022-07-31 14:27:13,306 - HR - INFO - Firebase app initialized
2022-07-31 14:27:13,306 - HR - INFO - Firestore database connected
2022-07-31 14:27:13,355 - HR - INFO - Organization API registered
2022-07-31 14:27:13,357 - HR - INFO - Employee API registered
2022-07-31 14:27:13,358 - HR - INFO - Employee Attendance API registered
2022-07-31 14:27:13,361 - HR - INFO - Team API registered
2022-07-31 14:27:13,363 - HR - INFO - Authentication API registered
2022-07-31 14:27:13,364 - HR - INFO - Bot API registered
2022-07-31 14:28:28,283 - HR - INFO - Flask application created
2022-07-31 14:28:28,358 - HR - INFO - Firebase credintials initialized
2022-07-31 14:28:28,358 - HR - INFO - Firebase app initialized
2022-07-31 14:28:28,358 - HR - INFO - Firestore database connected
2022-07-31 14:28:28,434 - HR - INFO - Organization API registered
2022-07-31 14:28:28,436 - HR - INFO - Employee API registered
2022-07-31 14:28:28,437 - HR - INFO - Employee Attendance API registered
2022-07-31 14:28:28,440 - HR - INFO - Team API registered
2022-07-31 14:28:28,442 - HR - INFO - Authentication API registered
2022-07-31 14:28:28,442 - HR - INFO - Bot API registered
2022-07-31 14:28:33,034 - HR - INFO - Flask application created
2022-07-31 14:28:33,089 - HR - INFO - Firebase credintials initialized
2022-07-31 14:28:33,089 - HR - INFO - Firebase app initialized
2022-07-31 14:28:33,089 - HR - INFO - Firestore database connected
2022-07-31 14:28:33,135 - HR - INFO - Organization API registered
2022-07-31 14:28:33,136 - HR - INFO - Employee API registered
2022-07-31 14:28:33,138 - HR - INFO - Employee Attendance API registered
2022-07-31 14:28:33,141 - HR - INFO - Team API registered
2022-07-31 14:28:33,143 - HR - INFO - Authentication API registered
2022-07-31 14:28:33,143 - HR - INFO - Bot API registered
2022-07-31 14:28:40,897 - HR - INFO - Flask application created
2022-07-31 14:28:40,953 - HR - INFO - Firebase credintials initialized
2022-07-31 14:28:40,954 - HR - INFO - Firebase app initialized
2022-07-31 14:28:40,954 - HR - INFO - Firestore database connected
2022-07-31 14:28:40,998 - HR - INFO - Organization API registered
2022-07-31 14:28:41,000 - HR - INFO - Employee API registered
2022-07-31 14:28:41,001 - HR - INFO - Employee Attendance API registered
2022-07-31 14:28:41,003 - HR - INFO - Team API registered
2022-07-31 14:28:41,005 - HR - INFO - Authentication API registered
2022-07-31 14:28:41,006 - HR - INFO - Bot API registered
2022-07-31 14:28:50,121 - HR - INFO - Flask application created
2022-07-31 14:28:50,228 - HR - INFO - Firebase credintials initialized
2022-07-31 14:28:50,228 - HR - INFO - Firebase app initialized
2022-07-31 14:28:50,228 - HR - INFO - Firestore database connected
2022-07-31 14:28:50,302 - HR - INFO - Organization API registered
2022-07-31 14:28:50,304 - HR - INFO - Employee API registered
2022-07-31 14:28:50,305 - HR - INFO - Employee Attendance API registered
2022-07-31 14:28:50,308 - HR - INFO - Team API registered
2022-07-31 14:28:50,310 - HR - INFO - Authentication API registered
2022-07-31 14:28:50,311 - HR - INFO - Bot API registered
2022-07-31 14:28:54,119 - HR - INFO - Flask application created
2022-07-31 14:28:54,175 - HR - INFO - Firebase credintials initialized
2022-07-31 14:28:54,175 - HR - INFO - Firebase app initialized
2022-07-31 14:28:54,175 - HR - INFO - Firestore database connected
2022-07-31 14:28:54,219 - HR - INFO - Organization API registered
2022-07-31 14:28:54,221 - HR - INFO - Employee API registered
2022-07-31 14:28:54,222 - HR - INFO - Employee Attendance API registered
2022-07-31 14:28:54,224 - HR - INFO - Team API registered
2022-07-31 14:28:54,226 - HR - INFO - Authentication API registered
2022-07-31 14:28:54,227 - HR - INFO - Bot API registered
2022-07-31 14:28:57,982 - HR - INFO - Flask application created
2022-07-31 14:28:58,036 - HR - INFO - Firebase credintials initialized
2022-07-31 14:28:58,036 - HR - INFO - Firebase app initialized
2022-07-31 14:28:58,036 - HR - INFO - Firestore database connected
2022-07-31 14:28:58,082 - HR - INFO - Organization API registered
2022-07-31 14:28:58,084 - HR - INFO - Employee API registered
2022-07-31 14:28:58,085 - HR - INFO - Employee Attendance API registered
2022-07-31 14:28:58,088 - HR - INFO - Team API registered
2022-07-31 14:28:58,089 - HR - INFO - Authentication API registered
2022-07-31 14:28:58,090 - HR - INFO - Bot API registered
2022-07-31 14:29:03,629 - HR - INFO - Flask application created
2022-07-31 14:29:03,684 - HR - INFO - Firebase credintials initialized
2022-07-31 14:29:03,685 - HR - INFO - Firebase app initialized
2022-07-31 14:29:03,685 - HR - INFO - Firestore database connected
2022-07-31 14:29:10,402 - HR - INFO - Flask application created
2022-07-31 14:29:10,455 - HR - INFO - Firebase credintials initialized
2022-07-31 14:29:10,455 - HR - INFO - Firebase app initialized
2022-07-31 14:29:10,455 - HR - INFO - Firestore database connected
2022-07-31 14:29:10,501 - HR - INFO - Organization API registered
2022-07-31 14:29:10,503 - HR - INFO - Employee API registered
2022-07-31 14:29:10,504 - HR - INFO - Employee Attendance API registered
2022-07-31 14:29:10,506 - HR - INFO - Team API registered
2022-07-31 14:29:10,508 - HR - INFO - Authentication API registered
2022-07-31 14:29:10,509 - HR - INFO - Bot API registered
2022-07-31 14:29:12,256 - HR - INFO - Flask application created
2022-07-31 14:29:12,312 - HR - INFO - Firebase credintials initialized
2022-07-31 14:29:12,313 - HR - INFO - Firebase app initialized
2022-07-31 14:29:12,313 - HR - INFO - Firestore database connected
2022-07-31 14:29:12,354 - HR - INFO - Organization API registered
2022-07-31 14:29:12,356 - HR - INFO - Employee API registered
2022-07-31 14:29:12,357 - HR - INFO - Employee Attendance API registered
2022-07-31 14:29:12,359 - HR - INFO - Team API registered
2022-07-31 14:29:12,360 - HR - INFO - Authentication API registered
2022-07-31 14:29:12,361 - HR - INFO - Bot API registered
2022-07-31 14:29:37,767 - HR - INFO - Flask application created
2022-07-31 14:29:37,822 - HR - INFO - Firebase credintials initialized
2022-07-31 14:29:37,822 - HR - INFO - Firebase app initialized
2022-07-31 14:29:37,822 - HR - INFO - Firestore database connected
2022-07-31 14:29:37,871 - HR - INFO - Organization API registered
2022-07-31 14:29:37,872 - HR - INFO - Employee API registered
2022-07-31 14:29:37,874 - HR - INFO - Employee Attendance API registered
2022-07-31 14:29:37,877 - HR - INFO - Team API registered
2022-07-31 14:29:37,879 - HR - INFO - Authentication API registered
2022-07-31 14:29:37,880 - HR - INFO - Bot API registered
2022-07-31 14:30:56,834 - HR - INFO - Flask application created
2022-07-31 14:30:56,891 - HR - INFO - Firebase credintials initialized
2022-07-31 14:30:56,891 - HR - INFO - Firebase app initialized
2022-07-31 14:30:56,891 - HR - INFO - Firestore database connected
2022-07-31 14:30:56,932 - HR - INFO - Organization API registered
2022-07-31 14:30:56,933 - HR - INFO - Employee API registered
2022-07-31 14:30:56,934 - HR - INFO - Employee Attendance API registered
2022-07-31 14:30:56,936 - HR - INFO - Team API registered
2022-07-31 14:30:56,938 - HR - INFO - Authentication API registered
2022-07-31 14:30:56,938 - HR - INFO - Bot API registered
2022-07-31 14:31:21,009 - HR - INFO - Flask application created
2022-07-31 14:31:21,061 - HR - INFO - Firebase credintials initialized
2022-07-31 14:31:21,061 - HR - INFO - Firebase app initialized
2022-07-31 14:31:21,061 - HR - INFO - Firestore database connected
2022-07-31 14:32:15,720 - HR - INFO - Flask application created
2022-07-31 14:32:15,772 - HR - INFO - Firebase credintials initialized
2022-07-31 14:32:15,772 - HR - INFO - Firebase app initialized
2022-07-31 14:32:15,772 - HR - INFO - Firestore database connected
2022-07-31 14:32:15,815 - HR - INFO - Organization API registered
2022-07-31 14:32:15,817 - HR - INFO - Employee API registered
2022-07-31 14:32:15,818 - HR - INFO - Employee Attendance API registered
2022-07-31 14:32:15,820 - HR - INFO - Team API registered
2022-07-31 14:32:15,822 - HR - INFO - Authentication API registered
2022-07-31 14:32:15,823 - HR - INFO - Bot API registered
2022-07-31 14:32:17,406 - HR - INFO - Flask application created
2022-07-31 14:32:17,459 - HR - INFO - Firebase credintials initialized
2022-07-31 14:32:17,459 - HR - INFO - Firebase app initialized
2022-07-31 14:32:17,460 - HR - INFO - Firestore database connected
2022-07-31 14:32:17,498 - HR - INFO - Organization API registered
2022-07-31 14:32:17,500 - HR - INFO - Employee API registered
2022-07-31 14:32:17,501 - HR - INFO - Employee Attendance API registered
2022-07-31 14:32:17,503 - HR - INFO - Team API registered
2022-07-31 14:32:17,505 - HR - INFO - Authentication API registered
2022-07-31 14:32:17,505 - HR - INFO - Bot API registered
2022-07-31 14:32:48,546 - HR - INFO - Flask application created
2022-07-31 14:32:48,601 - HR - INFO - Firebase credintials initialized
2022-07-31 14:32:48,601 - HR - INFO - Firebase app initialized
2022-07-31 14:32:48,601 - HR - INFO - Firestore database connected
